
a-interr.adb
a-interr.ads
a-retide.adb
a-retide.ads
a-rttiev.adb
a-rttiev.ads
a-synbar.adb
a-synbar.ads
a-sytaco.adb
a-sytaco.ads
a-tasini.adb
a-tasini.ads
a-taster.adb
a-taster.ads
g-boubuf.ads
g-boubuf.adb
g-boumai.ads
g-semaph.ads
g-semaph.adb
g-tastus.ads
s-osinte.ads
s-proinf.adb
s-proinf.ads
s-putaim.ads
s-putaim.adb
s-tarest.adb
s-tarest.ads
s-tasinf.adb
s-tasinf.ads
s-taspri.ads
s-tasque.adb
s-tasque.ads
s-tasres.ads
s-tposen.adb
s-tposen.ads
s-tpoben.adb
s-tpoben.ads
s-tpobop.adb
s-tpobop.ads
s-linux.ads
a-exetim.adb
a-exetim.ads
s-bbsumu.adb
s-mufalo.adb
s-mufalo.ads
s-musplo.ads
s-musplo.adb
s-bbcpsp.ads
s-bbexti.adb
s-bbexti.ads
a-reatim.adb
a-reatim.ads
